# JRE version: Java(TM) SE Runtime Environment (8.0_221-b11) (build 1.8.0_221-b11)
# Java VM: Java HotSpot(TM) 64-Bit Server VM (25.221-b11 mixed mode windows-amd64 compressed oops)
Heap:
 PSYoungGen      total 171520K, used 132836K [0x00000000eb600000, 0x00000000f9500000, 0x0000000100000000)
  eden space 156160K, 83% used [0x00000000eb600000,0x00000000f35dbdc8,0x00000000f4e80000)
  from space 15360K, 12% used [0x00000000f4e80000,0x00000000f505d328,0x00000000f5d80000)
  to   space 15360K, 0% used [0x00000000f8600000,0x00000000f8600000,0x00000000f9500000)
 ParOldGen       total 75264K, used 23386K [0x00000000c2200000, 0x00000000c6b80000, 0x00000000eb600000)
  object space 75264K, 31% used [0x00000000c2200000,0x00000000c38d6910,0x00000000c6b80000)
 Metaspace       used 59717K, capacity 61820K, committed 61976K, reserved 1103872K
  class space    used 7075K, capacity 7446K, committed 7472K, reserved 1048576K
GC Heap History (10 events):
Event: 7.876 GC heap before
{Heap before GC invocations=12 (full 2):
 PSYoungGen      total 103936K, used 94208K [0x00000000eb600000, 0x00000000f4480000, 0x0000000100000000)
  eden space 94208K, 100% used [0x00000000eb600000,0x00000000f1200000,0x00000000f1200000)
  from space 9728K, 0% used [0x00000000f1200000,0x00000000f1200000,0x00000000f1b80000)
  to   space 11264K, 0% used [0x00000000f3980000,0x00000000f3980000,0x00000000f4480000)
 ParOldGen       total 54784K, used 16299K [0x00000000c2200000, 0x00000000c5780000, 0x00000000eb600000)
  object space 54784K, 29% used [0x00000000c2200000,0x00000000c31eac00,0x00000000c5780000)
 Metaspace       used 38101K, capacity 39784K, committed 40112K, reserved 1083392K
  class space    used 4874K, capacity 5192K, committed 5296K, reserved 1048576K
Event: 7.933 GC heap after
Heap after GC invocations=12 (full 2):
 PSYoungGen      total 134656K, used 4920K [0x00000000eb600000, 0x00000000f4800000, 0x0000000100000000)
  eden space 123392K, 0% used [0x00000000eb600000,0x00000000eb600000,0x00000000f2e80000)
  from space 11264K, 43% used [0x00000000f3980000,0x00000000f3e4e0e8,0x00000000f4480000)
  to   space 11264K, 0% used [0x00000000f2e80000,0x00000000f2e80000,0x00000000f3980000)
 ParOldGen       total 54784K, used 16299K [0x00000000c2200000, 0x00000000c5780000, 0x00000000eb600000)
  object space 54784K, 29% used [0x00000000c2200000,0x00000000c31eac00,0x00000000c5780000)
 Metaspace       used 38101K, capacity 39784K, committed 40112K, reserved 1083392K
  class space    used 4874K, capacity 5192K, committed 5296K, reserved 1048576K
}
Event: 58.765 GC heap before
{Heap before GC invocations=13 (full 2):
 PSYoungGen      total 134656K, used 128312K [0x00000000eb600000, 0x00000000f4800000, 0x0000000100000000)
  eden space 123392K, 100% used [0x00000000eb600000,0x00000000f2e80000,0x00000000f2e80000)
  from space 11264K, 43% used [0x00000000f3980000,0x00000000f3e4e0e8,0x00000000f4480000)
  to   space 11264K, 0% used [0x00000000f2e80000,0x00000000f2e80000,0x00000000f3980000)
 ParOldGen       total 54784K, used 16299K [0x00000000c2200000, 0x00000000c5780000, 0x00000000eb600000)
  object space 54784K, 29% used [0x00000000c2200000,0x00000000c31eac00,0x00000000c5780000)
 Metaspace       used 52850K, capacity 54882K, committed 55088K, reserved 1097728K
  class space    used 6309K, capacity 6671K, committed 6704K, reserved 1048576K
Event: 58.787 GC heap after
Heap after GC invocations=13 (full 2):
 PSYoungGen      total 134656K, used 11256K [0x00000000eb600000, 0x00000000f7180000, 0x0000000100000000)
  eden space 123392K, 0% used [0x00000000eb600000,0x00000000eb600000,0x00000000f2e80000)
  from space 11264K, 99% used [0x00000000f2e80000,0x00000000f397e218,0x00000000f3980000)
  to   space 15360K, 0% used [0x00000000f6280000,0x00000000f6280000,0x00000000f7180000)
 ParOldGen       total 54784K, used 23410K [0x00000000c2200000, 0x00000000c5780000, 0x00000000eb600000)
  object space 54784K, 42% used [0x00000000c2200000,0x00000000c38dc8f0,0x00000000c5780000)
 Metaspace       used 52850K, capacity 54882K, committed 55088K, reserved 1097728K
  class space    used 6309K, capacity 6671K, committed 6704K, reserved 1048576K
}
Event: 171.021 GC heap before
{Heap before GC invocations=14 (full 2):
 PSYoungGen      total 134656K, used 63254K [0x00000000eb600000, 0x00000000f7180000, 0x0000000100000000)
  eden space 123392K, 42% used [0x00000000eb600000,0x00000000ee8c7948,0x00000000f2e80000)
  from space 11264K, 99% used [0x00000000f2e80000,0x00000000f397e218,0x00000000f3980000)
  to   space 15360K, 0% used [0x00000000f6280000,0x00000000f6280000,0x00000000f7180000)
 ParOldGen       total 54784K, used 23410K [0x00000000c2200000, 0x00000000c5780000, 0x00000000eb600000)
  object space 54784K, 42% used [0x00000000c2200000,0x00000000c38dc8f0,0x00000000c5780000)
 Metaspace       used 57047K, capacity 59046K, committed 59160K, reserved 1101824K
  class space    used 6831K, capacity 7197K, committed 7216K, reserved 1048576K
Event: 171.224 GC heap after
Heap after GC invocations=14 (full 2):
 PSYoungGen      total 166400K, used 3656K [0x00000000eb600000, 0x00000000f6c80000, 0x0000000100000000)
  eden space 156160K, 0% used [0x00000000eb600000,0x00000000eb600000,0x00000000f4e80000)
  from space 10240K, 35% used [0x00000000f6280000,0x00000000f6612068,0x00000000f6c80000)
  to   space 15360K, 0% used [0x00000000f4e80000,0x00000000f4e80000,0x00000000f5d80000)
 ParOldGen       total 54784K, used 29318K [0x00000000c2200000, 0x00000000c5780000, 0x00000000eb600000)
  object space 54784K, 53% used [0x00000000c2200000,0x00000000c3ea1ad8,0x00000000c5780000)
 Metaspace       used 57047K, capacity 59046K, committed 59160K, reserved 1101824K
  class space    used 6831K, capacity 7197K, committed 7216K, reserved 1048576K
}
Event: 171.225 GC heap before
{Heap before GC invocations=15 (full 3):
 PSYoungGen      total 166400K, used 3656K [0x00000000eb600000, 0x00000000f6c80000, 0x0000000100000000)
  eden space 156160K, 0% used [0x00000000eb600000,0x00000000eb600000,0x00000000f4e80000)
  from space 10240K, 35% used [0x00000000f6280000,0x00000000f6612068,0x00000000f6c80000)
  to   space 15360K, 0% used [0x00000000f4e80000,0x00000000f4e80000,0x00000000f5d80000)
 ParOldGen       total 54784K, used 29318K [0x00000000c2200000, 0x00000000c5780000, 0x00000000eb600000)
  object space 54784K, 53% used [0x00000000c2200000,0x00000000c3ea1ad8,0x00000000c5780000)
 Metaspace       used 57047K, capacity 59046K, committed 59160K, reserved 1101824K
  class space    used 6831K, capacity 7197K, committed 7216K, reserved 1048576K
Event: 171.901 GC heap after
Heap after GC invocations=15 (full 3):
 PSYoungGen      total 166400K, used 0K [0x00000000eb600000, 0x00000000f6c80000, 0x0000000100000000)
  eden space 156160K, 0% used [0x00000000eb600000,0x00000000eb600000,0x00000000f4e80000)
  from space 10240K, 0% used [0x00000000f6280000,0x00000000f6280000,0x00000000f6c80000)
  to   space 15360K, 0% used [0x00000000f4e80000,0x00000000f4e80000,0x00000000f5d80000)
 ParOldGen       total 75264K, used 23378K [0x00000000c2200000, 0x00000000c6b80000, 0x00000000eb600000)
  object space 75264K, 31% used [0x00000000c2200000,0x00000000c38d4910,0x00000000c6b80000)
 Metaspace       used 57007K, capacity 58946K, committed 59160K, reserved 1101824K
  class space    used 6820K, capacity 7179K, committed 7216K, reserved 1048576K
}
Event: 1752.002 GC heap before
{Heap before GC invocations=16 (full 3):
 PSYoungGen      total 166400K, used 156160K [0x00000000eb600000, 0x00000000f6c80000, 0x0000000100000000)
  eden space 156160K, 100% used [0x00000000eb600000,0x00000000f4e80000,0x00000000f4e80000)
  from space 10240K, 0% used [0x00000000f6280000,0x00000000f6280000,0x00000000f6c80000)
  to   space 15360K, 0% used [0x00000000f4e80000,0x00000000f4e80000,0x00000000f5d80000)
 ParOldGen       total 75264K, used 23378K [0x00000000c2200000, 0x00000000c6b80000, 0x00000000eb600000)
  object space 75264K, 31% used [0x00000000c2200000,0x00000000c38d4910,0x00000000c6b80000)
 Metaspace       used 59684K, capacity 61756K, committed 61976K, reserved 1103872K
  class space    used 7075K, capacity 7446K, committed 7472K, reserved 1048576K
Event: 1752.105 GC heap after
Heap after GC invocations=16 (full 3):
 PSYoungGen      total 171520K, used 1908K [0x00000000eb600000, 0x00000000f9500000, 0x0000000100000000)
  eden space 156160K, 0% used [0x00000000eb600000,0x00000000eb600000,0x00000000f4e80000)
  from space 15360K, 12% used [0x00000000f4e80000,0x00000000f505d328,0x00000000f5d80000)
  to   space 15360K, 0% used [0x00000000f8600000,0x00000000f8600000,0x00000000f9500000)
 ParOldGen       total 75264K, used 23386K [0x00000000c2200000, 0x00000000c6b80000, 0x00000000eb600000)
  object space 75264K, 31% used [0x00000000c2200000,0x00000000c38d6910,0x00000000c6b80000)
 Metaspace       used 59684K, capacity 61756K, committed 61976K, reserved 1103872K
  class space    used 7075K, capacity 7446K, committed 7472K, reserved 1048576K
}

